Unity Editor version:    2020.3.18f1 (a7d1c678663c)
Branch:                  2020.3/staging
Build type:              Release
Batch mode:              YES
macOS version:           Version 11.6 (Build 20G165)
Darwin version:          20.6.0
Architecture:            x86_64
Running under Rosetta:   NO
Available memory:        16384 MB
Using pre-set license
Pro License: NO

COMMAND LINE ARGUMENTS:
/Applications/Unity/Hub/Editor/2020.3.18f1/Unity.app/Contents/MacOS/Unity
-adb2
-batchMode
-noUpm
-name
AssetImportWorker0
-projectPath
/Users/Alumne_1/Desktop/TareaAA3_SunnyLand_nogit/SunnyLandProject
-logFile
Logs/AssetImportWorker0.log
-srvPort
55919
Successfully changed project path to: /Users/Alumne_1/Desktop/TareaAA3_SunnyLand_nogit/SunnyLandProject
/Users/Alumne_1/Desktop/TareaAA3_SunnyLand_nogit/SunnyLandProject
Using Asset Import Pipeline V2.
Refreshing native plugins compatible for Editor in 39.33 ms, found 2 plugins.
Preloading 0 native plugins for Editor in 0.00 ms.
Initialize engine version: 2020.3.18f1 (a7d1c678663c)
[Subsystems] Discovering subsystems at path /Applications/Unity/Hub/Editor/2020.3.18f1/Unity.app/Contents/Resources/UnitySubsystems
[Subsystems] Discovering subsystems at path /Users/Alumne_1/Desktop/TareaAA3_SunnyLand_nogit/SunnyLandProject/Assets
GfxDevice: creating device client; threaded=0
2022-05-12 09:18:49.571 Unity[12007:5848978] iMac preferred device: AMD Radeon Pro 555X (high power)
2022-05-12 09:18:49.571 Unity[12007:5848978] Metal devices available: 1
2022-05-12 09:18:49.571 Unity[12007:5848978] 0: AMD Radeon Pro 555X (high power)
2022-05-12 09:18:49.571 Unity[12007:5848978] Using device AMD Radeon Pro 555X (high power)
Initializing Metal device caps: AMD Radeon Pro 555X
Initialize mono
Mono path[0] = '/Applications/Unity/Hub/Editor/2020.3.18f1/Unity.app/Contents/Managed'
Mono path[1] = '/Applications/Unity/Hub/Editor/2020.3.18f1/Unity.app/Contents/MonoBleedingEdge/lib/mono/unityjit'
Mono config path = '/Applications/Unity/Hub/Editor/2020.3.18f1/Unity.app/Contents/MonoBleedingEdge/etc'
Using monoOptions --debugger-agent=transport=dt_socket,embedding=1,server=y,suspend=n,address=127.0.0.1:56007
Begin MonoManager ReloadAssembly
Error scanning for extension ivy.xml files: System.UnauthorizedAccessException: Access to the path '/Applications/Unity/Hub/Editor/2020.3.18f1/PlaybackEngines/WebGLSupport/BuildTools/Emscripten_Mac/node' is denied.
  at System.IO.__Error.WinIOError (System.Int32 errorCode, System.String maybeFullPath) [0x00129] in <695d1cc93cca45069c528c15c9fdd749>:0 
  at System.IO.FileSystemEnumerableIterator`1[TSource].HandleError (System.Int32 hr, System.String path) [0x00006] in <695d1cc93cca45069c528c15c9fdd749>:0 
  at System.IO.FileSystemEnumerableIterator`1[TSource].AddSearchableDirsToStack (System.IO.Directory+SearchData localSearchData) [0x00053] in <695d1cc93cca45069c528c15c9fdd749>:0 
  at System.IO.FileSystemEnumerableIterator`1[TSource].MoveNext () [0x0008e] in <695d1cc93cca45069c528c15c9fdd749>:0 
  at System.Collections.Generic.List`1[T]..ctor (System.Collections.Generic.IEnumerable`1[T] collection) [0x00077] in <695d1cc93cca45069c528c15c9fdd749>:0 
  at System.IO.Directory.InternalGetFileDirectoryNames (System.String path, System.String userPathOriginal, System.String searchPattern, System.Boolean includeFiles, System.Boolean includeDirs, System.IO.SearchOption searchOption, System.Boolean checkHost) [0x0000f] in <695d1cc93cca45069c528c15c9fdd749>:0 
  at System.IO.Directory.InternalGetFiles (System.String path, System.String searchPattern, System.IO.SearchOption searchOption) [0x00000] in <695d1cc93cca45069c528c15c9fdd749>:0 
  at System.IO.Directory.GetFiles (System.String path, System.String searchPattern, System.IO.SearchOption searchOption) [0x00038] in <695d1cc93cca45069c528c15c9fdd749>:0 
  at UnityEditor.Modules.ModuleManager.LoadLegacyExtensionsFromIvyFiles () [0x000a5] in /Users/bokken/buildslave/unity/build/Editor/Mono/Modules/ModuleManager.cs:253 
Registering precompiled unity dll's ...
Register platform support module: /Applications/Unity/Hub/Editor/2020.3.18f1/PlaybackEngines/WebGLSupport/UnityEditor.WebGL.Extensions.dll
Register platform support module: /Applications/Unity/Hub/Editor/2020.3.18f1/Unity.app/Contents/PlaybackEngines/MacStandaloneSupport/UnityEditor.OSXStandalone.Extensions.dll
Registered in 0.000590 seconds.
Native extension for OSXStandalone target not found
Native extension for WebGL target not found
Refreshing native plugins compatible for Editor in 35.65 ms, found 2 plugins.
Preloading 0 native plugins for Editor in 0.00 ms.
Mono: successfully reloaded assembly
- Completed reload, in  1.762 seconds
Domain Reload Profiling:
	ReloadAssembly (1762ms)
		BeginReloadAssembly (43ms)
			ExecutionOrderSort (0ms)
			DisableScriptedObjects (0ms)
			BackupInstance (0ms)
			ReleaseScriptingObjects (0ms)
			CreateAndSetChildDomain (1ms)
		EndReloadAssembly (462ms)
			LoadAssemblies (42ms)
			RebuildTransferFunctionScriptingTraits (0ms)
			SetupTypeCache (173ms)
			ReleaseScriptCaches (0ms)
			RebuildScriptCaches (37ms)
			SetupLoadedEditorAssemblies (181ms)
				LogAssemblyErrors (0ms)
				InitializePlatformSupportModulesInManaged (4ms)
				SetLoadedEditorAssemblies (0ms)
				RefreshPlugins (36ms)
				BeforeProcessingInitializeOnLoad (9ms)
				ProcessInitializeOnLoadAttributes (102ms)
				ProcessInitializeOnLoadMethodAttributes (29ms)
				AfterProcessingInitializeOnLoad (0ms)
				EditorAssembliesLoaded (0ms)
			ExecutionOrderSort2 (0ms)
			AwakeInstancesAfterBackupRestoration (0ms)
Platform modules already initialized, skipping
Registering precompiled user dll's ...
Registered in 0.002700 seconds.
Begin MonoManager ReloadAssembly
Native extension for OSXStandalone target not found
Native extension for WebGL target not found
Refreshing native plugins compatible for Editor in 0.54 ms, found 2 plugins.
Preloading 0 native plugins for Editor in 0.00 ms.
Mono: successfully reloaded assembly
- Completed reload, in  1.073 seconds
Domain Reload Profiling:
	ReloadAssembly (1074ms)
		BeginReloadAssembly (152ms)
			ExecutionOrderSort (0ms)
			DisableScriptedObjects (5ms)
			BackupInstance (0ms)
			ReleaseScriptingObjects (0ms)
			CreateAndSetChildDomain (29ms)
		EndReloadAssembly (861ms)
			LoadAssemblies (75ms)
			RebuildTransferFunctionScriptingTraits (0ms)
			SetupTypeCache (333ms)
			ReleaseScriptCaches (0ms)
			RebuildScriptCaches (56ms)
			SetupLoadedEditorAssemblies (291ms)
				LogAssemblyErrors (0ms)
				InitializePlatformSupportModulesInManaged (5ms)
				SetLoadedEditorAssemblies (0ms)
				RefreshPlugins (1ms)
				BeforeProcessingInitializeOnLoad (57ms)
				ProcessInitializeOnLoadAttributes (209ms)
				ProcessInitializeOnLoadMethodAttributes (17ms)
				AfterProcessingInitializeOnLoad (1ms)
				EditorAssembliesLoaded (0ms)
			ExecutionOrderSort2 (0ms)
			AwakeInstancesAfterBackupRestoration (6ms)
Platform modules already initialized, skipping
Validating Project structure ... 0.002354 seconds.
Shader import version has changed; will reimport all shaders...
Upgrading shader files ...0.002743 seconds.
Application.AssetDatabase Initial Script Refresh Start
RefreshInfo: InitialScriptRefreshV2(NoUpdateAssetOptions) scanfilter:  ... 1 filters
RefreshProfiler: Total: 0.000ms
Application.AssetDatabase Initial Script Refresh End
Application.AssetDatabase.Refresh Start
Application.AssetDatabase.Refresh End
RefreshInfo: StopAssetImportingV2(ForceSynchronousImport) scanfilter: 
RefreshProfiler: Total: 0.000ms
Launching external process: /Applications/Unity/Hub/Editor/2020.3.18f1/Unity.app/Contents/Tools/UnityShaderCompiler
Launched and connected shader compiler UnityShaderCompiler after 0.01 seconds
Initializing Unity extensions:
[C# Project] Writing /Users/Alumne_1/Desktop/TareaAA3_SunnyLand_nogit/SunnyLandProject/SunnyLandProject.sln because it has changed
[C# Project] First difference on line 4

[C# Project] Current /Users/Alumne_1/Desktop/TareaAA3_SunnyLand_nogit/SunnyLandProject/SunnyLandProject.sln:
[C# Project]   004: Project("{FAE04EC0-301F-11D3-BF4B-00C04F79EFBC}") = "Assembly-CSharp", "Assembly-CSharp.csproj", "{D62F1089-590B-7EB5-1DFC-CB957E7F55C7}"
[C# Project]   005: EndProject
[C# Project]   006: Global
[C# Project]   007: 	GlobalSection(SolutionConfigurationPlatforms) = preSolution
[C# Project]   008: 		Debug|Any CPU = Debug|Any CPU

[C# Project] New /Users/Alumne_1/Desktop/TareaAA3_SunnyLand_nogit/SunnyLandProject/SunnyLandProject.sln:
[C# Project]   004: Project("{FAE04EC0-301F-11D3-BF4B-00C04F79EFBC}") = "UnityEngine.UI", "UnityEngine.UI.csproj", "{AB247848-2F2B-99D7-48A7-2212F3D7AACC}"
[C# Project]   005: EndProject
[C# Project]   006: Project("{FAE04EC0-301F-11D3-BF4B-00C04F79EFBC}") = "UnityEngine.TestRunner", "UnityEngine.TestRunner.csproj", "{3297C6F4-CD16-D22F-1EF9-D28EFA0C5385}"
[C# Project]   007: EndProject
[C# Project]   008: Project("{FAE04EC0-301F-11D3-BF4B-00C04F79EFBC}") = "UnityEngine.XR.LegacyInputHelpers", "UnityEngine.XR.LegacyInputHelpers.csproj", "{AEA6A03F-0BB8-C995-C25C-18DE307ADB92}"
[C# Project] Writing /Users/Alumne_1/Desktop/TareaAA3_SunnyLand_nogit/SunnyLandProject/Assembly-CSharp.csproj because it has changed
[C# Project] First difference on line 633

[C# Project] Current /Users/Alumne_1/Desktop/TareaAA3_SunnyLand_nogit/SunnyLandProject/Assembly-CSharp.csproj:
[C# Project]   633:  <Reference Include="Unity.VSCode.Editor">
[C# Project]   634:  <HintPath>/Users/Alumne_1/Desktop/TareaAA3_SunnyLand_nogit/SunnyLandProject/Library/ScriptAssemblies/Unity.VSCode.Editor.dll</HintPath>
[C# Project]   635:  </Reference>
[C# Project]   636:  <Reference Include="Unity.2D.Tilemap.Editor">
[C# Project]   637:  <HintPath>/Users/Alumne_1/Desktop/TareaAA3_SunnyLand_nogit/SunnyLandProject/Library/ScriptAssemblies/Unity.2D.Tilemap.Editor.dll</HintPath>

[C# Project] New /Users/Alumne_1/Desktop/TareaAA3_SunnyLand_nogit/SunnyLandProject/Assembly-CSharp.csproj:
[C# Project]   633:   </ItemGroup>
[C# Project]   634:   <ItemGroup>
[C# Project]   635:     <ProjectReference Include="Unity.VSCode.Editor.csproj">
[C# Project]   636:       <Project>{0F7004D0-F5E0-CD58-3193-7CBB5EA155B8}</Project>
[C# Project]   637:       <Name>Unity.VSCode.Editor</Name>
========================================================================
Worker process is ready to serve import requests
Refreshing native plugins compatible for Editor in 0.37 ms, found 2 plugins.
Preloading 0 native plugins for Editor in 0.00 ms.
Unloading 1947 Unused Serialized files (Serialized files now loaded: 0)
System memory in use before: 181.1 MB.
System memory in use after: 180.3 MB.

Unloading 145 unused Assets to reduce memory usage. Loaded Objects now: 2392.
Total: 2.929384 ms (FindLiveObjects: 0.157636 ms CreateObjectMapping: 0.056931 ms MarkObjects: 2.293253 ms  DeleteObjects: 0.420808 ms)

AssetImportParameters requested are different than current active one (requested -> active):
  custom:video-decoder-ogg-theora: a1e56fd34408186e4bbccfd4996cb3dc -> 
  custom:container-muxer-webm: aa71ff27fc2769a1b78a27578f13a17b -> 
  custom:container-demuxer-webm: 4f35f7cbe854078d1ac9338744f61a02 -> 
  custom:container-demuxer-ogg: 62fdf1f143b41e24485cea50d1cbac27 -> 
  custom:video-encoder-webm-vp8: eb34c28f22e8b96e1ab97ce403110664 -> 
  custom:framework-osx-AVFoundation: e770b220cccbd017edd2c1fefb359320 -> 
  custom:video-decoder-webm-vp8: 9c59270c3fd7afecdb556c50c9e8de78 -> 
  custom:audio-decoder-ogg-vorbis: bf7c407c2cedff20999df2af8eb42d56 -> 
  custom:audio-encoder-webm-vorbis: bf7c407c2cedff20999df2af8eb42d56 -> 
========================================================================
Received Import Request.
  path: Assets/Scenes/Main.unity
  artifactKey: Guid(548efbe8196c7bb41a94d25d70cf82e6) Importer(815301076,1909f56bfc062723c751e8b465ee728b)
Start importing Assets/Scenes/Main.unity using Guid(548efbe8196c7bb41a94d25d70cf82e6) Importer(815301076,1909f56bfc062723c751e8b465ee728b)  -> (artifact id: '375ae4378fce9202311078d1ee733cd1') in 0.010627 seconds 
  Import took 0.012992 seconds .

========================================================================
Received Import Request.
  Time since last request: 40.085924 seconds.
  path: Assets/Audio
  artifactKey: Guid(172874711b5624b7aa1e05d31cc7cbd0) Importer(815301076,1909f56bfc062723c751e8b465ee728b)
Start importing Assets/Audio using Guid(172874711b5624b7aa1e05d31cc7cbd0) Importer(815301076,1909f56bfc062723c751e8b465ee728b)  -> (artifact id: '8b8ced0ff9d63d793a6b3986de9e29f8') in 0.002692 seconds 
  Import took 0.005267 seconds .

========================================================================
Received Import Request.
  Time since last request: 73.389778 seconds.
  path: Assets/Audio/background.ogg
  artifactKey: Guid(2ceabe28199734ea8b9104a2823d778f) Importer(815301076,1909f56bfc062723c751e8b465ee728b)
Start importing Assets/Audio/background.ogg using Guid(2ceabe28199734ea8b9104a2823d778f) Importer(815301076,1909f56bfc062723c751e8b465ee728b)  -> (artifact id: 'e96ab490b2e3af863f64a98d33e2913d') in 0.666960 seconds 
  Import took 0.670453 seconds .

========================================================================
Received Import Request.
  Time since last request: 0.002847 seconds.
  path: Assets/Audio/footsteps.ogg
  artifactKey: Guid(12c9765ad3cb34e688630ff5d165f6c5) Importer(815301076,1909f56bfc062723c751e8b465ee728b)
Start importing Assets/Audio/footsteps.ogg using Guid(12c9765ad3cb34e688630ff5d165f6c5) Importer(815301076,1909f56bfc062723c751e8b465ee728b)  -> (artifact id: '13356c34ab74fca37ff2610fe7a7829d') in 0.009777 seconds 
  Import took 0.013120 seconds .

========================================================================
Received Import Request.
  Time since last request: 0.000182 seconds.
  path: Assets/Audio/land.ogg
  artifactKey: Guid(7647fc02e3a754bd7af54dcfa0b4fe77) Importer(815301076,1909f56bfc062723c751e8b465ee728b)
Start importing Assets/Audio/land.ogg using Guid(7647fc02e3a754bd7af54dcfa0b4fe77) Importer(815301076,1909f56bfc062723c751e8b465ee728b)  -> (artifact id: 'f8e0e3c7aaabb618eab8e929790dd335') in 0.006600 seconds 
  Import took 0.009165 seconds .

========================================================================
Received Import Request.
  Time since last request: 0.000175 seconds.
  path: Assets/Audio/wood_impact.ogg
  artifactKey: Guid(679cbc59336a645fcaa2a84e62cc84aa) Importer(815301076,1909f56bfc062723c751e8b465ee728b)
Start importing Assets/Audio/wood_impact.ogg using Guid(679cbc59336a645fcaa2a84e62cc84aa) Importer(815301076,1909f56bfc062723c751e8b465ee728b)  -> (artifact id: 'cb94c4563c5767d1d45e7cac5ff0e020') in 0.005937 seconds 
  Import took 0.008811 seconds .

========================================================================
Received Import Request.
  Time since last request: 0.000186 seconds.
  path: Assets/Audio/cherry.ogg
  artifactKey: Guid(f1e91de1bf47c440e85f0c043733c2ed) Importer(815301076,1909f56bfc062723c751e8b465ee728b)
Start importing Assets/Audio/cherry.ogg using Guid(f1e91de1bf47c440e85f0c043733c2ed) Importer(815301076,1909f56bfc062723c751e8b465ee728b)  -> (artifact id: 'bef247461f3b07c3564d5b91cd5a4364') in 0.006659 seconds 
  Import took 0.009349 seconds .

========================================================================
Received Import Request.
  Time since last request: 0.000151 seconds.
  path: Assets/Audio/jump.ogg
  artifactKey: Guid(ad6e022d869924021ba2a62c1dc1589d) Importer(815301076,1909f56bfc062723c751e8b465ee728b)
Start importing Assets/Audio/jump.ogg using Guid(ad6e022d869924021ba2a62c1dc1589d) Importer(815301076,1909f56bfc062723c751e8b465ee728b)  -> (artifact id: '94f3f6b80f7a23b7f46b994f769d6f25') in 0.006213 seconds 
  Import took 0.008588 seconds .

========================================================================
Received Import Request.
  Time since last request: 0.000192 seconds.
  path: Assets/Audio/wood_rumble.ogg
  artifactKey: Guid(cbd382fe0598a424bacc13c2386a4885) Importer(815301076,1909f56bfc062723c751e8b465ee728b)
Start importing Assets/Audio/wood_rumble.ogg using Guid(cbd382fe0598a424bacc13c2386a4885) Importer(815301076,1909f56bfc062723c751e8b465ee728b)  -> (artifact id: 'e0f2e38e9844fed70bc2b9a9995298fe') in 0.005438 seconds 
  Import took 0.007734 seconds .

========================================================================
Received Import Request.
  Time since last request: 0.000175 seconds.
  path: Assets/Audio/crouch.ogg
  artifactKey: Guid(18f210a3a40824f67bb8d982c5815e3a) Importer(815301076,1909f56bfc062723c751e8b465ee728b)
Start importing Assets/Audio/crouch.ogg using Guid(18f210a3a40824f67bb8d982c5815e3a) Importer(815301076,1909f56bfc062723c751e8b465ee728b)  -> (artifact id: '1bac7c50eaa1b2303c7b81e8f5f02f10') in 0.006522 seconds 
  Import took 0.008962 seconds .

========================================================================
Received Import Request.
  Time since last request: 125.572822 seconds.
  path: Assets/Audio/Background.mixer
  artifactKey: Guid(5e6bcc017407947d89a632d9405fbd0c) Importer(815301076,1909f56bfc062723c751e8b465ee728b)
Start importing Assets/Audio/Background.mixer using Guid(5e6bcc017407947d89a632d9405fbd0c) Importer(815301076,1909f56bfc062723c751e8b465ee728b)  -> (artifact id: 'af933de310d2aff7c07964f42aed604b') in 0.248672 seconds 
  Import took 0.252255 seconds .

========================================================================
Received Import Request.
  Time since last request: 10.198634 seconds.
  path: Assets/Audio/Background
  artifactKey: Guid(bf615754650a14f24b445c99e2f82c89) Importer(815301076,1909f56bfc062723c751e8b465ee728b)
Start importing Assets/Audio/Background using Guid(bf615754650a14f24b445c99e2f82c89) Importer(815301076,1909f56bfc062723c751e8b465ee728b)  -> (artifact id: '20454846d9b958b0fd740bb0be838536') in 0.001885 seconds 
  Import took 0.004938 seconds .

========================================================================
Received Import Request.
  Time since last request: 21.939841 seconds.
  path: Assets/Audio/Fondo
  artifactKey: Guid(bf615754650a14f24b445c99e2f82c89) Importer(815301076,1909f56bfc062723c751e8b465ee728b)
Start importing Assets/Audio/Fondo using Guid(bf615754650a14f24b445c99e2f82c89) Importer(815301076,1909f56bfc062723c751e8b465ee728b)  -> (artifact id: '004aec628202f0d2a930251ff418e4b2') in 0.000766 seconds 
  Import took 0.003747 seconds .

========================================================================
Received Import Request.
  Time since last request: 16.417362 seconds.
  path: Assets/Audio/Caja y Cereza
  artifactKey: Guid(fe4897f480e954e08abbcd01a615380b) Importer(815301076,1909f56bfc062723c751e8b465ee728b)
Start importing Assets/Audio/Caja y Cereza using Guid(fe4897f480e954e08abbcd01a615380b) Importer(815301076,1909f56bfc062723c751e8b465ee728b)  -> (artifact id: '022a204c01d5f7c9f1af01fb2be49671') in 0.001343 seconds 
  Import took 0.004062 seconds .

========================================================================
Received Import Request.
  Time since last request: 27.426017 seconds.
  path: Assets/Audio/Zorro
  artifactKey: Guid(375cc948181b74cb49bd22ae05063bdc) Importer(815301076,1909f56bfc062723c751e8b465ee728b)
Start importing Assets/Audio/Zorro using Guid(375cc948181b74cb49bd22ae05063bdc) Importer(815301076,1909f56bfc062723c751e8b465ee728b)  -> (artifact id: '76e70a9385513e34bd3a9a02c8940db7') in 0.001423 seconds 
  Import took 0.004803 seconds .

========================================================================
Received Import Request.
  Time since last request: 30.644862 seconds.
  path: Assets/Audio/Caja y Cereza/Caja y Cereza.mixer
  artifactKey: Guid(2cef9ed8b472e4d89a976a066d13b8ec) Importer(815301076,1909f56bfc062723c751e8b465ee728b)
Start importing Assets/Audio/Caja y Cereza/Caja y Cereza.mixer using Guid(2cef9ed8b472e4d89a976a066d13b8ec) Importer(815301076,1909f56bfc062723c751e8b465ee728b)  -> (artifact id: 'f00fbd9ffa525a52649b3c8c6aae64bb') in 0.005130 seconds 
  Import took 0.008161 seconds .

========================================================================
Received Import Request.
  Time since last request: 10.105974 seconds.
  path: Assets/Audio/Caja y Cereza/Caja y Cereza.mixer
  artifactKey: Guid(2cef9ed8b472e4d89a976a066d13b8ec) Importer(815301076,1909f56bfc062723c751e8b465ee728b)
Start importing Assets/Audio/Caja y Cereza/Caja y Cereza.mixer using Guid(2cef9ed8b472e4d89a976a066d13b8ec) Importer(815301076,1909f56bfc062723c751e8b465ee728b)  -> (artifact id: '321060de6456682eb6acde9e70d17eac') in 0.004118 seconds 
  Import took 0.006661 seconds .

========================================================================
Received Import Request.
  Time since last request: 0.208153 seconds.
  path: Assets/Audio/Caja y Cereza/Caja y Cereza.mixer
  artifactKey: Guid(2cef9ed8b472e4d89a976a066d13b8ec) Importer(815301076,1909f56bfc062723c751e8b465ee728b)
Start importing Assets/Audio/Caja y Cereza/Caja y Cereza.mixer using Guid(2cef9ed8b472e4d89a976a066d13b8ec) Importer(815301076,1909f56bfc062723c751e8b465ee728b)  -> (artifact id: '321060de6456682eb6acde9e70d17eac') in 0.004579 seconds 
  Import took 0.007460 seconds .

========================================================================
Received Import Request.
  Time since last request: 9.752387 seconds.
  path: Assets/Audio/Caja y Cereza/Caja y Cereza.mixer
  artifactKey: Guid(2cef9ed8b472e4d89a976a066d13b8ec) Importer(815301076,1909f56bfc062723c751e8b465ee728b)
Start importing Assets/Audio/Caja y Cereza/Caja y Cereza.mixer using Guid(2cef9ed8b472e4d89a976a066d13b8ec) Importer(815301076,1909f56bfc062723c751e8b465ee728b)  -> (artifact id: 'e6038207129bbca04f870eeea5c9e621') in 0.004362 seconds 
  Import took 0.007118 seconds .

========================================================================
Received Import Request.
  Time since last request: 1.248654 seconds.
  path: Assets/Audio/Caja y Cereza/Caja y Cereza.mixer
  artifactKey: Guid(2cef9ed8b472e4d89a976a066d13b8ec) Importer(815301076,1909f56bfc062723c751e8b465ee728b)
Start importing Assets/Audio/Caja y Cereza/Caja y Cereza.mixer using Guid(2cef9ed8b472e4d89a976a066d13b8ec) Importer(815301076,1909f56bfc062723c751e8b465ee728b)  -> (artifact id: '24da1bc67f7545bf168910e45bd7cf68') in 0.004390 seconds 
  Import took 0.007000 seconds .

========================================================================
Received Import Request.
  Time since last request: 0.037892 seconds.
  path: Assets/Audio/Caja y Cereza/Caja y Cereza.mixer
  artifactKey: Guid(2cef9ed8b472e4d89a976a066d13b8ec) Importer(815301076,1909f56bfc062723c751e8b465ee728b)
Start importing Assets/Audio/Caja y Cereza/Caja y Cereza.mixer using Guid(2cef9ed8b472e4d89a976a066d13b8ec) Importer(815301076,1909f56bfc062723c751e8b465ee728b)  -> (artifact id: '24da1bc67f7545bf168910e45bd7cf68') in 0.005380 seconds 
  Import took 0.008153 seconds .

========================================================================
Received Import Request.
  Time since last request: 7.123796 seconds.
  path: Assets/Audio/Caja y Cereza/Caja y Cereza.mixer
  artifactKey: Guid(2cef9ed8b472e4d89a976a066d13b8ec) Importer(815301076,1909f56bfc062723c751e8b465ee728b)
Start importing Assets/Audio/Caja y Cereza/Caja y Cereza.mixer using Guid(2cef9ed8b472e4d89a976a066d13b8ec) Importer(815301076,1909f56bfc062723c751e8b465ee728b)  -> (artifact id: '16791901fdcc1a8f6a11718d2fb514e4') in 0.004871 seconds 
  Import took 0.007591 seconds .

========================================================================
Received Import Request.
  Time since last request: 7.239182 seconds.
  path: Assets/Audio/Caja y Cereza/Caja y Cereza.mixer
  artifactKey: Guid(2cef9ed8b472e4d89a976a066d13b8ec) Importer(815301076,1909f56bfc062723c751e8b465ee728b)
Start importing Assets/Audio/Caja y Cereza/Caja y Cereza.mixer using Guid(2cef9ed8b472e4d89a976a066d13b8ec) Importer(815301076,1909f56bfc062723c751e8b465ee728b)  -> (artifact id: '57a33dda2a43e8cea9ffb60c620d51fa') in 0.004208 seconds 
  Import took 0.006896 seconds .

========================================================================
Received Import Request.
  Time since last request: 0.032360 seconds.
  path: Assets/Audio/Caja y Cereza/Caja y Cereza.mixer
  artifactKey: Guid(2cef9ed8b472e4d89a976a066d13b8ec) Importer(815301076,1909f56bfc062723c751e8b465ee728b)
Start importing Assets/Audio/Caja y Cereza/Caja y Cereza.mixer using Guid(2cef9ed8b472e4d89a976a066d13b8ec) Importer(815301076,1909f56bfc062723c751e8b465ee728b)  -> (artifact id: '57a33dda2a43e8cea9ffb60c620d51fa') in 0.005038 seconds 
  Import took 0.007824 seconds .

========================================================================
Received Import Request.
  Time since last request: 8.304378 seconds.
  path: Assets/Audio/Caja y Cereza/Caja y Cereza.mixer
  artifactKey: Guid(2cef9ed8b472e4d89a976a066d13b8ec) Importer(815301076,1909f56bfc062723c751e8b465ee728b)
Start importing Assets/Audio/Caja y Cereza/Caja y Cereza.mixer using Guid(2cef9ed8b472e4d89a976a066d13b8ec) Importer(815301076,1909f56bfc062723c751e8b465ee728b)  -> (artifact id: '2135f82141f797bd58f3c8a57c333766') in 0.004621 seconds 
  Import took 0.007448 seconds .

========================================================================
Received Import Request.
  Time since last request: 2.135954 seconds.
  path: Assets/Audio/Caja y Cereza/Caja y Cereza.mixer
  artifactKey: Guid(2cef9ed8b472e4d89a976a066d13b8ec) Importer(815301076,1909f56bfc062723c751e8b465ee728b)
Start importing Assets/Audio/Caja y Cereza/Caja y Cereza.mixer using Guid(2cef9ed8b472e4d89a976a066d13b8ec) Importer(815301076,1909f56bfc062723c751e8b465ee728b)  -> (artifact id: '2fd8263cb5126a99a8ab7b2805e77579') in 0.004548 seconds 
  Import took 0.007216 seconds .

========================================================================
Received Import Request.
  Time since last request: 0.031773 seconds.
  path: Assets/Audio/Caja y Cereza/Caja y Cereza.mixer
  artifactKey: Guid(2cef9ed8b472e4d89a976a066d13b8ec) Importer(815301076,1909f56bfc062723c751e8b465ee728b)
Start importing Assets/Audio/Caja y Cereza/Caja y Cereza.mixer using Guid(2cef9ed8b472e4d89a976a066d13b8ec) Importer(815301076,1909f56bfc062723c751e8b465ee728b)  -> (artifact id: '2fd8263cb5126a99a8ab7b2805e77579') in 0.005196 seconds 
  Import took 0.008051 seconds .

========================================================================
Received Import Request.
  Time since last request: 6.394496 seconds.
  path: Assets/Audio/Caja y Cereza/Caja y Cereza.mixer
  artifactKey: Guid(2cef9ed8b472e4d89a976a066d13b8ec) Importer(815301076,1909f56bfc062723c751e8b465ee728b)
Start importing Assets/Audio/Caja y Cereza/Caja y Cereza.mixer using Guid(2cef9ed8b472e4d89a976a066d13b8ec) Importer(815301076,1909f56bfc062723c751e8b465ee728b)  -> (artifact id: 'c2876f7e8c2460c44b8c982edaf81386') in 0.005055 seconds 
  Import took 0.007776 seconds .

========================================================================
Received Import Request.
  Time since last request: 20.044504 seconds.
  path: Assets/Audio/Caja y Cereza/Caja y Cereza.mixer
  artifactKey: Guid(2cef9ed8b472e4d89a976a066d13b8ec) Importer(815301076,1909f56bfc062723c751e8b465ee728b)
Start importing Assets/Audio/Caja y Cereza/Caja y Cereza.mixer using Guid(2cef9ed8b472e4d89a976a066d13b8ec) Importer(815301076,1909f56bfc062723c751e8b465ee728b)  -> (artifact id: 'd0d6acd8afb86ea3e5633a4fa3ddb6c5') in 0.004394 seconds 
  Import took 0.007018 seconds .

========================================================================
Received Import Request.
  Time since last request: 0.034920 seconds.
  path: Assets/Audio/Caja y Cereza/Caja y Cereza.mixer
  artifactKey: Guid(2cef9ed8b472e4d89a976a066d13b8ec) Importer(815301076,1909f56bfc062723c751e8b465ee728b)
Start importing Assets/Audio/Caja y Cereza/Caja y Cereza.mixer using Guid(2cef9ed8b472e4d89a976a066d13b8ec) Importer(815301076,1909f56bfc062723c751e8b465ee728b)  -> (artifact id: 'd0d6acd8afb86ea3e5633a4fa3ddb6c5') in 0.007874 seconds 
  Import took 0.010623 seconds .

========================================================================
Received Import Request.
  Time since last request: 4.851919 seconds.
  path: Assets/Audio/Caja y Cereza/Caja y Cereza.mixer
  artifactKey: Guid(2cef9ed8b472e4d89a976a066d13b8ec) Importer(815301076,1909f56bfc062723c751e8b465ee728b)
Start importing Assets/Audio/Caja y Cereza/Caja y Cereza.mixer using Guid(2cef9ed8b472e4d89a976a066d13b8ec) Importer(815301076,1909f56bfc062723c751e8b465ee728b)  -> (artifact id: '49b418147f41cd2c48edf39d35483970') in 0.005219 seconds 
  Import took 0.007991 seconds .

========================================================================
Received Import Request.
  Time since last request: 13.206028 seconds.
  path: Assets/Audio/Fondo/Fondo.mixer
  artifactKey: Guid(5e6bcc017407947d89a632d9405fbd0c) Importer(815301076,1909f56bfc062723c751e8b465ee728b)
Start importing Assets/Audio/Fondo/Fondo.mixer using Guid(5e6bcc017407947d89a632d9405fbd0c) Importer(815301076,1909f56bfc062723c751e8b465ee728b)  -> (artifact id: '4d2ad7fe0ff68e4eb0b200203586cfa3') in 0.003529 seconds 
  Import took 0.006461 seconds .

========================================================================
Received Import Request.
  Time since last request: 3.317654 seconds.
  path: Assets/Audio/Fondo/Fondo.mixer
  artifactKey: Guid(5e6bcc017407947d89a632d9405fbd0c) Importer(815301076,1909f56bfc062723c751e8b465ee728b)
Start importing Assets/Audio/Fondo/Fondo.mixer using Guid(5e6bcc017407947d89a632d9405fbd0c) Importer(815301076,1909f56bfc062723c751e8b465ee728b)  -> (artifact id: '99274c21347c4194be64dce251c4086f') in 0.004314 seconds 
  Import took 0.006955 seconds .

========================================================================
Received Import Request.
  Time since last request: 0.035556 seconds.
  path: Assets/Audio/Fondo/Fondo.mixer
  artifactKey: Guid(5e6bcc017407947d89a632d9405fbd0c) Importer(815301076,1909f56bfc062723c751e8b465ee728b)
Start importing Assets/Audio/Fondo/Fondo.mixer using Guid(5e6bcc017407947d89a632d9405fbd0c) Importer(815301076,1909f56bfc062723c751e8b465ee728b)  -> (artifact id: '99274c21347c4194be64dce251c4086f') in 0.007429 seconds 
  Import took 0.010140 seconds .

========================================================================
Received Import Request.
  Time since last request: 5.857036 seconds.
  path: Assets/Audio/Fondo/Fondo.mixer
  artifactKey: Guid(5e6bcc017407947d89a632d9405fbd0c) Importer(815301076,1909f56bfc062723c751e8b465ee728b)
Start importing Assets/Audio/Fondo/Fondo.mixer using Guid(5e6bcc017407947d89a632d9405fbd0c) Importer(815301076,1909f56bfc062723c751e8b465ee728b)  -> (artifact id: '1cbb90558f38a2f817318a1dc250bd52') in 0.004601 seconds 
  Import took 0.007328 seconds .

========================================================================
Received Import Request.
  Time since last request: 18.672529 seconds.
  path: Assets/Audio/Zorro/Zorro.mixer
  artifactKey: Guid(4d2df5ee84f48445f8637341678997b0) Importer(815301076,1909f56bfc062723c751e8b465ee728b)
Start importing Assets/Audio/Zorro/Zorro.mixer using Guid(4d2df5ee84f48445f8637341678997b0) Importer(815301076,1909f56bfc062723c751e8b465ee728b)  -> (artifact id: 'e9ceb92c8b869602755449b475ae6d15') in 0.004999 seconds 
  Import took 0.008429 seconds .

========================================================================
Received Import Request.
  Time since last request: 2.642960 seconds.
  path: Assets/Audio/Zorro/Zorro.mixer
  artifactKey: Guid(4d2df5ee84f48445f8637341678997b0) Importer(815301076,1909f56bfc062723c751e8b465ee728b)
Start importing Assets/Audio/Zorro/Zorro.mixer using Guid(4d2df5ee84f48445f8637341678997b0) Importer(815301076,1909f56bfc062723c751e8b465ee728b)  -> (artifact id: '94d13b18095f17d270ee1cabc2e0cd77') in 0.004133 seconds 
  Import took 0.006737 seconds .

========================================================================
Received Import Request.
  Time since last request: 0.032487 seconds.
  path: Assets/Audio/Zorro/Zorro.mixer
  artifactKey: Guid(4d2df5ee84f48445f8637341678997b0) Importer(815301076,1909f56bfc062723c751e8b465ee728b)
Start importing Assets/Audio/Zorro/Zorro.mixer using Guid(4d2df5ee84f48445f8637341678997b0) Importer(815301076,1909f56bfc062723c751e8b465ee728b)  -> (artifact id: '94d13b18095f17d270ee1cabc2e0cd77') in 0.004650 seconds 
  Import took 0.007358 seconds .

========================================================================
Received Import Request.
  Time since last request: 4.099734 seconds.
  path: Assets/Audio/Zorro/Zorro.mixer
  artifactKey: Guid(4d2df5ee84f48445f8637341678997b0) Importer(815301076,1909f56bfc062723c751e8b465ee728b)
Start importing Assets/Audio/Zorro/Zorro.mixer using Guid(4d2df5ee84f48445f8637341678997b0) Importer(815301076,1909f56bfc062723c751e8b465ee728b)  -> (artifact id: 'c025637a986d873e1a985f4f9639ac52') in 0.004790 seconds 
  Import took 0.007372 seconds .

========================================================================
Received Import Request.
  Time since last request: 2.117361 seconds.
  path: Assets/Audio/Zorro/Zorro.mixer
  artifactKey: Guid(4d2df5ee84f48445f8637341678997b0) Importer(815301076,1909f56bfc062723c751e8b465ee728b)
Start importing Assets/Audio/Zorro/Zorro.mixer using Guid(4d2df5ee84f48445f8637341678997b0) Importer(815301076,1909f56bfc062723c751e8b465ee728b)  -> (artifact id: '3b9730145866688c8b731f0f9e5d0aeb') in 0.004143 seconds 
  Import took 0.006783 seconds .

========================================================================
Received Import Request.
  Time since last request: 0.031942 seconds.
  path: Assets/Audio/Zorro/Zorro.mixer
  artifactKey: Guid(4d2df5ee84f48445f8637341678997b0) Importer(815301076,1909f56bfc062723c751e8b465ee728b)
Start importing Assets/Audio/Zorro/Zorro.mixer using Guid(4d2df5ee84f48445f8637341678997b0) Importer(815301076,1909f56bfc062723c751e8b465ee728b)  -> (artifact id: '3b9730145866688c8b731f0f9e5d0aeb') in 0.004916 seconds 
  Import took 0.007528 seconds .

========================================================================
Received Import Request.
  Time since last request: 2.404285 seconds.
  path: Assets/Audio/Zorro/Zorro.mixer
  artifactKey: Guid(4d2df5ee84f48445f8637341678997b0) Importer(815301076,1909f56bfc062723c751e8b465ee728b)
Start importing Assets/Audio/Zorro/Zorro.mixer using Guid(4d2df5ee84f48445f8637341678997b0) Importer(815301076,1909f56bfc062723c751e8b465ee728b)  -> (artifact id: 'b95531684c17aacf54a06836c44be518') in 0.004314 seconds 
  Import took 0.006950 seconds .

========================================================================
Received Import Request.
  Time since last request: 7.208615 seconds.
  path: Assets/Audio/Zorro/Zorro.mixer
  artifactKey: Guid(4d2df5ee84f48445f8637341678997b0) Importer(815301076,1909f56bfc062723c751e8b465ee728b)
Start importing Assets/Audio/Zorro/Zorro.mixer using Guid(4d2df5ee84f48445f8637341678997b0) Importer(815301076,1909f56bfc062723c751e8b465ee728b)  -> (artifact id: '3e71fe5fcb04a77ff581d44be471dae7') in 0.004734 seconds 
  Import took 0.007527 seconds .

========================================================================
Received Import Request.
  Time since last request: 0.593275 seconds.
  path: Assets/Audio/Zorro/Zorro.mixer
  artifactKey: Guid(4d2df5ee84f48445f8637341678997b0) Importer(815301076,1909f56bfc062723c751e8b465ee728b)
Start importing Assets/Audio/Zorro/Zorro.mixer using Guid(4d2df5ee84f48445f8637341678997b0) Importer(815301076,1909f56bfc062723c751e8b465ee728b)  -> (artifact id: '30b59ba7ec34b00cf0ca08601cd88b6b') in 0.004294 seconds 
  Import took 0.006984 seconds .

========================================================================
Received Import Request.
  Time since last request: 0.031691 seconds.
  path: Assets/Audio/Zorro/Zorro.mixer
  artifactKey: Guid(4d2df5ee84f48445f8637341678997b0) Importer(815301076,1909f56bfc062723c751e8b465ee728b)
Start importing Assets/Audio/Zorro/Zorro.mixer using Guid(4d2df5ee84f48445f8637341678997b0) Importer(815301076,1909f56bfc062723c751e8b465ee728b)  -> (artifact id: '30b59ba7ec34b00cf0ca08601cd88b6b') in 0.005393 seconds 
  Import took 0.008148 seconds .

========================================================================
Received Import Request.
  Time since last request: 7.309498 seconds.
  path: Assets/Audio/Zorro/Zorro.mixer
  artifactKey: Guid(4d2df5ee84f48445f8637341678997b0) Importer(815301076,1909f56bfc062723c751e8b465ee728b)
Start importing Assets/Audio/Zorro/Zorro.mixer using Guid(4d2df5ee84f48445f8637341678997b0) Importer(815301076,1909f56bfc062723c751e8b465ee728b)  -> (artifact id: 'a75f56a28b65a8cf50d6c0bc1641ea06') in 0.004265 seconds 
  Import took 0.006919 seconds .

========================================================================
Received Import Request.
  Time since last request: 0.031557 seconds.
  path: Assets/Audio/Zorro/Zorro.mixer
  artifactKey: Guid(4d2df5ee84f48445f8637341678997b0) Importer(815301076,1909f56bfc062723c751e8b465ee728b)
Start importing Assets/Audio/Zorro/Zorro.mixer using Guid(4d2df5ee84f48445f8637341678997b0) Importer(815301076,1909f56bfc062723c751e8b465ee728b)  -> (artifact id: 'a75f56a28b65a8cf50d6c0bc1641ea06') in 0.005103 seconds 
  Import took 0.008017 seconds .

========================================================================
Received Import Request.
  Time since last request: 3.036003 seconds.
  path: Assets/Audio/Zorro/Zorro.mixer
  artifactKey: Guid(4d2df5ee84f48445f8637341678997b0) Importer(815301076,1909f56bfc062723c751e8b465ee728b)
Start importing Assets/Audio/Zorro/Zorro.mixer using Guid(4d2df5ee84f48445f8637341678997b0) Importer(815301076,1909f56bfc062723c751e8b465ee728b)  -> (artifact id: '3821c26dd5ba36b88691ce920fd34bfb') in 0.005152 seconds 
  Import took 0.007737 seconds .

========================================================================
Received Import Request.
  Time since last request: 628.823194 seconds.
  path: Assets/Audio/Zorro/Zorro.mixer
  artifactKey: Guid(4d2df5ee84f48445f8637341678997b0) Importer(815301076,1909f56bfc062723c751e8b465ee728b)
Start importing Assets/Audio/Zorro/Zorro.mixer using Guid(4d2df5ee84f48445f8637341678997b0) Importer(815301076,1909f56bfc062723c751e8b465ee728b)  -> (artifact id: '5a3ed8438a7047103bfdaba9d2ae3b51') in 0.004338 seconds 
  Import took 0.006943 seconds .

========================================================================
Received Import Request.
  Time since last request: 0.031412 seconds.
  path: Assets/Audio/Zorro/Zorro.mixer
  artifactKey: Guid(4d2df5ee84f48445f8637341678997b0) Importer(815301076,1909f56bfc062723c751e8b465ee728b)
Start importing Assets/Audio/Zorro/Zorro.mixer using Guid(4d2df5ee84f48445f8637341678997b0) Importer(815301076,1909f56bfc062723c751e8b465ee728b)  -> (artifact id: '5a3ed8438a7047103bfdaba9d2ae3b51') in 0.005297 seconds 
  Import took 0.007939 seconds .

========================================================================
Received Import Request.
  Time since last request: 8.933071 seconds.
  path: Assets/Audio/Zorro/Zorro.mixer
  artifactKey: Guid(4d2df5ee84f48445f8637341678997b0) Importer(815301076,1909f56bfc062723c751e8b465ee728b)
Start importing Assets/Audio/Zorro/Zorro.mixer using Guid(4d2df5ee84f48445f8637341678997b0) Importer(815301076,1909f56bfc062723c751e8b465ee728b)  -> (artifact id: '1feef60fa3396656e596b5129c7bf4fb') in 0.005002 seconds 
  Import took 0.007858 seconds .

========================================================================
Received Import Request.
  Time since last request: 479.054966 seconds.
  path: Assets/Audio/Zorro/running-footstep-sound-effect.mp3
  artifactKey: Guid(fc1ca2a67ac0c4be3ba008598c348613) Importer(815301076,1909f56bfc062723c751e8b465ee728b)
Start importing Assets/Audio/Zorro/running-footstep-sound-effect.mp3 using Guid(fc1ca2a67ac0c4be3ba008598c348613) Importer(815301076,1909f56bfc062723c751e8b465ee728b)  -> (artifact id: '150638eb30d7e984eca6590c78f2a15a') in 0.852060 seconds 
  Import took 0.854995 seconds .

========================================================================
Received Import Request.
  Time since last request: 12.047239 seconds.
  path: Assets/Audio/Zorro/running.mp3
  artifactKey: Guid(fc1ca2a67ac0c4be3ba008598c348613) Importer(815301076,1909f56bfc062723c751e8b465ee728b)
Start importing Assets/Audio/Zorro/running.mp3 using Guid(fc1ca2a67ac0c4be3ba008598c348613) Importer(815301076,1909f56bfc062723c751e8b465ee728b)  -> (artifact id: '15739ea01fe6b6f86e9dc82ddf3a2a0a') in 0.011575 seconds 
  Import took 0.014322 seconds .

========================================================================
Received Import Request.
  Time since last request: 13.386726 seconds.
  path: Assets/Audio/Zorro/Zorro.mixer
  artifactKey: Guid(4d2df5ee84f48445f8637341678997b0) Importer(815301076,1909f56bfc062723c751e8b465ee728b)
Start importing Assets/Audio/Zorro/Zorro.mixer using Guid(4d2df5ee84f48445f8637341678997b0) Importer(815301076,1909f56bfc062723c751e8b465ee728b)  -> (artifact id: '451533d8479691002495fb723c1ed509') in 0.003060 seconds 
  Import took 0.005540 seconds .

========================================================================
Received Import Request.
  Time since last request: 0.033284 seconds.
  path: Assets/Audio/Zorro/Zorro.mixer
  artifactKey: Guid(4d2df5ee84f48445f8637341678997b0) Importer(815301076,1909f56bfc062723c751e8b465ee728b)
Start importing Assets/Audio/Zorro/Zorro.mixer using Guid(4d2df5ee84f48445f8637341678997b0) Importer(815301076,1909f56bfc062723c751e8b465ee728b)  -> (artifact id: '451533d8479691002495fb723c1ed509') in 0.003647 seconds 
  Import took 0.006484 seconds .

========================================================================
Received Import Request.
  Time since last request: 5.729668 seconds.
  path: Assets/Audio/Zorro/Zorro.mixer
  artifactKey: Guid(4d2df5ee84f48445f8637341678997b0) Importer(815301076,1909f56bfc062723c751e8b465ee728b)
Start importing Assets/Audio/Zorro/Zorro.mixer using Guid(4d2df5ee84f48445f8637341678997b0) Importer(815301076,1909f56bfc062723c751e8b465ee728b)  -> (artifact id: 'e2afa3afb18b67c6bbbca1ba4142998d') in 0.003758 seconds 
  Import took 0.006746 seconds .

AssetImportWorkerClient::OnTransportError - code=2 error=End of file
